<?xml version="1.0" encoding="UTF-8"?>
<testng-results skipped="0" failed="0" ignored="0" total="1" passed="1">
  <reporter-output>
  </reporter-output>
  <suite name="Default suite" duration-ms="47" started-at="2020-10-19T19:11:35 IST" finished-at="2020-10-19T19:11:35 IST">
    <groups>
    </groups>
    <test name="Default test" duration-ms="47" started-at="2020-10-19T19:11:35 IST" finished-at="2020-10-19T19:11:35 IST">
      <class name="test.SampleTest">
        <test-method status="PASS" signature="sampleTest()[pri:0, instance:test.SampleTest@61f8bee4]" name="sampleTest" duration-ms="8" started-at="2020-10-19T19:11:35 IST" finished-at="2020-10-19T19:11:35 IST">
          <reporter-output>
          </reporter-output>
        </test-method> <!-- sampleTest -->
      </class> <!-- test.SampleTest -->
    </test> <!-- Default test -->
  </suite> <!-- Default suite -->
</testng-results>
